<?xml version="1.0" encoding="UTF-8"?>
<testng-results ignored="0" total="1" passed="1" failed="0" skipped="0">
  <reporter-output>
  </reporter-output>
  <suite started-at="2022-10-05T05:34:26Z" name="Suite" finished-at="2022-10-05T05:34:37Z" duration-ms="11030">
    <groups>
    </groups>
    <test started-at="2022-10-05T05:34:26Z" name="test2" finished-at="2022-10-05T05:34:37Z" duration-ms="11030">
      <class name="NitikaTestSauceLabs.SauceIntegration.GoogleSearch">
        <test-method is-config="true" signature="search()[pri:0, instance:NitikaTestSauceLabs.SauceIntegration.GoogleSearch@d771cc9]" started-at="2022-10-05T05:34:26Z" name="search" finished-at="2022-10-05T05:34:35Z" duration-ms="8451" status="PASS">
          <reporter-output>
          </reporter-output>
        </test-method> <!-- search -->
        <test-method signature="login()[pri:0, instance:NitikaTestSauceLabs.SauceIntegration.GoogleSearch@d771cc9]" started-at="2022-10-05T05:34:35Z" name="login" finished-at="2022-10-05T05:34:36Z" duration-ms="1905" status="PASS">
          <reporter-output>
          </reporter-output>
        </test-method> <!-- login -->
        <test-method is-config="true" signature="close()[pri:0, instance:NitikaTestSauceLabs.SauceIntegration.GoogleSearch@d771cc9]" started-at="2022-10-05T05:34:36Z" name="close" finished-at="2022-10-05T05:34:37Z" duration-ms="662" status="PASS">
          <reporter-output>
          </reporter-output>
        </test-method> <!-- close -->
      </class> <!-- NitikaTestSauceLabs.SauceIntegration.GoogleSearch -->
    </test> <!-- test2 -->
  </suite> <!-- Suite -->
</testng-results>
